2022-09-13 08:53:47:5347 [32minfo[39m: [32mThis is a winston log message[39m
2022-09-13 08:55:10:5510 [32minfo[39m: [32mThis is a winston log message[39m
2022-09-13 08:56:45:5645 [32minfo[39m: [32mThis is a winston log message[39m
2022-09-13 08:56:47:5647 [35mhttp[39m: [35mGET / 304 - - 3.649 ms[39m
[35m[39m
2022-09-13 08:56:48:5648 [35mhttp[39m: [35mGET /favicon.ico 404 150 - 2.118 ms[39m
[35m[39m
2022-09-13 08:57:48:5748 [32minfo[39m: [32mThis is a winston log message[39m
2022-09-13 09:02:36:236 [32minfo[39m: [32mThis is a winston log message[39m
2022-09-13 09:03:22:322 [32minfo[39m: [32mThis is a winston log message[39m
2022-09-13 09:03:24:324 [32minfo[39m: [32mThis is a winston log message[39m
2022-09-13 09:03:26:326 [35mhttp[39m: [35mGET / 304 - - 4.725 ms body - {}[39m
[35m[39m
2022-09-13 09:03:33:333 [32minfo[39m: [32mThis is a winston log message[39m
2022-09-13 09:03:47:347 [35mhttp[39m: [35mGET / 304 - - 6.062 ms Body - {}[39m
[35m[39m
2022-09-14 09:05:57:557 [32minfo[39m: [32mThis is a winston log message[39m
2022-09-14 09:06:05:65 [35mhttp[39m: [35mGET / 304 - - 1.503 ms Body - {}[39m
[35m[39m
2022-09-14 09:06:06:66 [35mhttp[39m: [35mGET /favicon.ico 404 150 - 2.095 ms Body - {}[39m
[35m[39m
2022-09-14 09:06:21:621 [35mhttp[39m: [35mPOST /api/stats/views 200 2 - 168.431 ms Body - {}[39m
[35m[39m
2022-09-14 09:06:27:627 [35mhttp[39m: [35mGET /api/stats/ 200 109 - 39.157 ms Body - {}[39m
[35m[39m
2022-09-14 09:06:34:634 [35mhttp[39m: [35mGET /api/users/ 403 9 - 0.536 ms Body - {}[39m
[35m[39m
2022-09-14 09:07:19:719 [32minfo[39m: [32mThis is a winston log message[39m
2022-09-14 09:07:59:759 [35mhttp[39m: [35mPOST /api/users/register 200 198 - 178.186 ms Body - {"name":"Dylan Morrison","email":"dylan@email.com","password":"password123","role":"admin"}[39m
[35m[39m
2022-09-14 09:08:22:822 [35mhttp[39m: [35mPOST /api/users/login 200 95 - 165.858 ms Body - {"name":"Dylan Morrison","email":"dylan@email.com","password":"password123","role":"admin"}[39m
[35m[39m
2022-09-14 09:08:35:835 [35mhttp[39m: [35mGET /api/users/ 403 149 - 3.129 ms Body - {"name":"Dylan Morrison","email":"dylan@email.com","password":"password123","role":"admin"}[39m
[35m[39m
2022-09-14 09:09:08:98 [32minfo[39m: [32mThis is a winston log message[39m
2022-09-14 09:09:10:910 [35mhttp[39m: [35mGET /api/stats 200 109 - 44.045 ms Body - {"name":"Dylan Morrison","email":"dylan@email.com","password":"password123","role":"admin"}[39m
[35m[39m
2022-09-14 09:09:15:915 [35mhttp[39m: [35mGET /api/users 403 148 - 6.245 ms Body - {"name":"Dylan Morrison","email":"dylan@email.com","password":"password123","role":"admin"}[39m
[35m[39m
2022-09-14 09:09:31:931 [32minfo[39m: [32mThis is a winston log message[39m
2022-09-14 09:10:13:1013 [32minfo[39m: [32mThis is a winston log message[39m
2022-09-14 09:10:15:1015 [35mhttp[39m: [35mGET /api/users 403 148 - 4.208 ms Body - {"name":"Dylan Morrison","email":"dylan@email.com","password":"password123","role":"admin"}[39m
[35m[39m
2022-09-14 09:11:20:1120 [32minfo[39m: [32mThis is a winston log message[39m
2022-09-14 09:11:24:1124 [32minfo[39m: [32mThis is a winston log message[39m
2022-09-14 09:11:27:1127 [35mhttp[39m: [35mGET /api/stats 200 109 - 63.406 ms Body - {"name":"Dylan Morrison","email":"dylan@email.com","password":"password123","role":"admin"}[39m
[35m[39m
2022-09-14 09:11:46:1146 [35mhttp[39m: [35mGET /api/user 404 147 - 2.531 ms Body - {"name":"Dylan Morrison","email":"dylan@email.com","password":"password123","role":"admin"}[39m
[35m[39m
2022-09-14 09:11:49:1149 [35mhttp[39m: [35mGET /api/users 403 2 - 32.171 ms Body - {"name":"Dylan Morrison","email":"dylan@email.com","password":"password123","role":"admin"}[39m
[35m[39m
2022-09-14 09:12:38:1238 [32minfo[39m: [32mThis is a winston log message[39m
2022-09-14 09:12:40:1240 [35mhttp[39m: [35mGET /api/users 403 2 - 17.210 ms Body - {"name":"Dylan Morrison","email":"dylan@email.com","password":"password123","role":"admin"}[39m
[35m[39m
2022-09-14 09:13:09:139 [32minfo[39m: [32mThis is a winston log message[39m
2022-09-14 09:13:13:1313 [35mhttp[39m: [35mGET /api/users 200 2 - 20.404 ms Body - {"name":"Dylan Morrison","email":"dylan@email.com","password":"password123","role":"admin"}[39m
[35m[39m
2022-09-14 09:13:21:1321 [32minfo[39m: [32mThis is a winston log message[39m
2022-09-14 09:13:23:1323 [32minfo[39m: [32mThis is a winston log message[39m
2022-09-14 09:13:26:1326 [32minfo[39m: [32mThis is a winston log message[39m
2022-09-14 09:13:28:1328 [35mhttp[39m: [35mGET /api/users 200 200 - 60.829 ms Body - {"name":"Dylan Morrison","email":"dylan@email.com","password":"password123","role":"admin"}[39m
[35m[39m
2022-09-14 09:13:39:1339 [32minfo[39m: [32mThis is a winston log message[39m
2022-09-14 09:13:41:1341 [35mhttp[39m: [35mGET /api/users 403 148 - 1.383 ms Body - {"name":"Dylan Morrison","email":"dylan@email.com","password":"password123","role":"admin"}[39m
[35m[39m
2022-09-14 09:13:52:1352 [32minfo[39m: [32mThis is a winston log message[39m
2022-09-14 09:13:55:1355 [35mhttp[39m: [35mGET /api/users 403 148 - 4.979 ms Body - {"name":"Dylan Morrison","email":"dylan@email.com","password":"password123","role":"admin"}[39m
[35m[39m
2022-09-14 09:14:11:1411 [32minfo[39m: [32mThis is a winston log message[39m
2022-09-14 09:14:14:1414 [35mhttp[39m: [35mGET /api/users 403 148 - 3.057 ms Body - {"name":"Dylan Morrison","email":"dylan@email.com","password":"password123","role":"admin"}[39m
[35m[39m
2022-09-14 09:14:40:1440 [32minfo[39m: [32mThis is a winston log message[39m
2022-09-14 09:14:43:1443 [32minfo[39m: [32mThis is a winston log message[39m
2022-09-14 09:14:47:1447 [35mhttp[39m: [35mGET /api/users 403 148 - 4.695 ms Body - {"name":"Dylan Morrison","email":"dylan@email.com","password":"password123","role":"admin"}[39m
[35m[39m
2022-09-14 09:14:58:1458 [32minfo[39m: [32mThis is a winston log message[39m
2022-09-14 09:15:00:150 [35mhttp[39m: [35mGET /api/users 403 148 - 3.622 ms Body - {"name":"Dylan Morrison","email":"dylan@email.com","password":"password123","role":"admin"}[39m
[35m[39m
2022-09-14 09:15:10:1510 [32minfo[39m: [32mThis is a winston log message[39m
2022-09-14 09:15:12:1512 [35mhttp[39m: [35mGET /api/users 403 148 - 21.514 ms Body - {"name":"Dylan Morrison","email":"dylan@email.com","password":"password123","role":"admin"}[39m
[35m[39m
2022-09-14 09:15:17:1517 [32minfo[39m: [32mThis is a winston log message[39m
2022-09-14 09:15:19:1519 [35mhttp[39m: [35mGET /api/users 403 148 - 9.128 ms Body - {"name":"Dylan Morrison","email":"dylan@email.com","password":"password123","role":"admin"}[39m
[35m[39m
2022-09-14 09:15:34:1534 [32minfo[39m: [32mThis is a winston log message[39m
2022-09-14 09:15:36:1536 [35mhttp[39m: [35mGET /api/users 500 1309 - 2.914 ms Body - {"name":"Dylan Morrison","email":"dylan@email.com","password":"password123","role":"admin"}[39m
[35m[39m
2022-09-14 09:15:45:1545 [32minfo[39m: [32mThis is a winston log message[39m
2022-09-14 09:15:47:1547 [35mhttp[39m: [35mGET /api/users 500 1309 - 4.854 ms Body - {"name":"Dylan Morrison","email":"dylan@email.com","password":"password123","role":"admin"}[39m
[35m[39m
2022-09-14 09:15:54:1554 [32minfo[39m: [32mThis is a winston log message[39m
2022-09-14 09:15:55:1555 [32minfo[39m: [32mThis is a winston log message[39m
2022-09-14 09:16:06:166 [32minfo[39m: [32mThis is a winston log message[39m
2022-09-14 09:16:08:168 [35mhttp[39m: [35mGET /api/users 403 148 - 6.765 ms Body - {"name":"Dylan Morrison","email":"dylan@email.com","password":"password123","role":"admin"}[39m
[35m[39m
2022-09-14 09:16:20:1620 [32minfo[39m: [32mThis is a winston log message[39m
2022-09-14 09:16:23:1623 [35mhttp[39m: [35mGET /api/users 403 148 - 4.020 ms Body - {"name":"Dylan Morrison","email":"dylan@email.com","password":"password123","role":"admin"}[39m
[35m[39m
2022-09-14 09:16:37:1637 [32minfo[39m: [32mThis is a winston log message[39m
2022-09-14 09:16:52:1652 [32minfo[39m: [32mThis is a winston log message[39m
2022-09-14 09:16:54:1654 [35mhttp[39m: [35mGET /api/users 403 148 - 1.101 ms Body - {"name":"Dylan Morrison","email":"dylan@email.com","password":"password123","role":"admin"}[39m
[35m[39m
2022-09-14 09:17:06:176 [32minfo[39m: [32mThis is a winston log message[39m
2022-09-14 09:17:09:179 [35mhttp[39m: [35mGET /api/users 403 148 - 1.510 ms Body - {"name":"Dylan Morrison","email":"dylan@email.com","password":"password123","role":"admin"}[39m
[35m[39m
2022-09-14 09:17:18:1718 [32minfo[39m: [32mThis is a winston log message[39m
2022-09-14 09:17:22:1722 [35mhttp[39m: [35mGET /api/users 403 148 - 4.292 ms Body - {"name":"Dylan Morrison","email":"dylan@email.com","password":"password123","role":"admin"}[39m
[35m[39m
2022-09-14 09:18:00:180 [32minfo[39m: [32mThis is a winston log message[39m
2022-09-14 09:18:02:182 [35mhttp[39m: [35mGET /api/users 403 148 - 3.856 ms Body - {"name":"Dylan Morrison","email":"dylan@email.com","password":"password123","role":"admin"}[39m
[35m[39m
2022-09-14 09:18:24:1824 [32minfo[39m: [32mThis is a winston log message[39m
2022-09-14 09:18:26:1826 [35mhttp[39m: [35mGET /api/users 403 9 - 1.237 ms Body - {"name":"Dylan Morrison","email":"dylan@email.com","password":"password123","role":"admin"}[39m
[35m[39m
2022-09-14 09:18:45:1845 [35mhttp[39m: [35mPOST /api/users/login 200 95 - 146.035 ms Body - {"name":"Dylan Morrison","email":"dylan@email.com","password":"password123","role":"admin"}[39m
[35m[39m
2022-09-14 09:18:57:1857 [35mhttp[39m: [35mGET /api/users/63218bdfe8dcdcf89f4d1579 404 173 - 2.857 ms Body - {"name":"Dylan Morrison","email":"dylan@email.com","password":"password123","role":"admin"}[39m
[35m[39m
2022-09-14 09:19:09:199 [35mhttp[39m: [35mGET /api/users 403 148 - 2.338 ms Body - {"name":"Dylan Morrison","email":"dylan@email.com","password":"password123","role":"admin"}[39m
[35m[39m
2022-09-14 09:21:39:2139 [32minfo[39m: [32mThis is a winston log message[39m
2022-09-14 09:21:48:2148 [35mhttp[39m: [35mGET / 304 - - 4.569 ms Body - {}[39m
[35m[39m
2022-09-14 09:23:24:2324 [32minfo[39m: [32mThis is a winston log message[39m
2022-09-14 09:23:33:2333 [35mhttp[39m: [35mGET /api/users/ 403 9 - 3.740 ms Body - {"name":"Dylan Morrison","email":"dylan@email.com","password":"password123","role":"admin"}[39m
[35m[39m
2022-09-14 09:24:54:2454 [32minfo[39m: [32mThis is a winston log message[39m
2022-09-14 09:25:06:256 [35mhttp[39m: [35mGET / 304 - - 4.313 ms Body - {}[39m
[35m[39m
2022-09-14 09:26:39:2639 [32minfo[39m: [32mThis is a winston log message[39m
2022-09-14 09:26:44:2644 [35mhttp[39m: [35mGET / 304 - - 3.396 ms Body - {}[39m
[35m[39m
2022-09-14 09:26:59:2659 [35mhttp[39m: [35mGET /api/users/ 200 200 - 12743.289 ms Body - {"name":"Dylan Morrison","email":"dylan@email.com","password":"password123","role":"admin"}[39m
[35m[39m
2022-09-14 09:27:09:279 [35mhttp[39m: [35mGET /api/users/ 200 200 - 1929.201 ms Body - {"name":"Dylan Morrison","email":"dylan@email.com","password":"password123","role":"admin"}[39m
[35m[39m
2022-09-14 09:27:42:2742 [32minfo[39m: [32mThis is a winston log message[39m
2022-09-14 09:27:44:2744 [35mhttp[39m: [35mGET /api/users/ 200 200 - 40.624 ms Body - {"name":"Dylan Morrison","email":"dylan@email.com","password":"password123","role":"admin"}[39m
[35m[39m
2022-09-14 09:28:01:281 [35mhttp[39m: [35mGET /api/users/63218bdfe8dcdcf89f4d1579 404 173 - 2.528 ms Body - {"name":"Dylan Morrison","email":"dylan@email.com","password":"password123","role":"admin"}[39m
[35m[39m
2022-09-14 09:28:14:2814 [32minfo[39m: [32mThis is a winston log message[39m
2022-09-14 09:28:59:2859 [32minfo[39m: [32mThis is a winston log message[39m
2022-09-14 09:29:02:292 [35mhttp[39m: [35mGET /api/users/63218bdfe8dcdcf89f4d1579 200 198 - 50.062 ms Body - {"name":"Dylan Morrison","email":"dylan@email.com","password":"password123","role":"admin"}[39m
[35m[39m
2022-09-14 09:29:33:2933 [32minfo[39m: [32mThis is a winston log message[39m
2022-09-14 09:29:50:2950 [35mhttp[39m: [35mPOST /api/users/logout 200 10 - 1.684 ms Body - {"name":"Dylan Morrison","email":"dylan@email.com","password":"password123","role":"admin"}[39m
[35m[39m
2022-09-14 09:29:59:2959 [35mhttp[39m: [35mGET /api/users 403 9 - 0.723 ms Body - {"name":"Dylan Morrison","email":"dylan@email.com","password":"password123","role":"admin"}[39m
[35m[39m
2022-09-14 09:34:53:3453 [32minfo[39m: [32mThis is a winston log message[39m
2022-09-14 09:35:03:353 [32minfo[39m: [32mThis is a winston log message[39m
2022-09-14 09:35:20:3520 [35mhttp[39m: [35mGET /api/users 403 9 - 3.253 ms Body - {"name":"Dylan Morrison","email":"dylan@email.com","password":"password123","role":"admin"}[39m
[35m[39m
2022-09-14 09:35:25:3525 [35mhttp[39m: [35mPOST /api/users/login 200 95 - 152.487 ms Body - {"name":"Dylan Morrison","email":"dylan@email.com","password":"password123","role":"admin"}[39m
[35m[39m
2022-09-14 09:36:10:3610 [32minfo[39m: [32mThis is a winston log message[39m
2022-09-14 09:36:13:3613 [35mhttp[39m: [35mPOST /api/users/approve/63218bdfe8dcdcf89f4d1579 200 2 - 144.328 ms Body - {"name":"Dylan Morrison","email":"dylan@email.com","password":"password123","role":"admin"}[39m
[35m[39m
2022-09-14 09:36:19:3619 [35mhttp[39m: [35mGET /api/users/63218bdfe8dcdcf89f4d1579 200 197 - 50.694 ms Body - {"name":"Dylan Morrison","email":"dylan@email.com","password":"password123","role":"admin"}[39m
[35m[39m
2022-09-14 09:36:26:3626 [35mhttp[39m: [35mPOST /api/users/ 404 150 - 2.823 ms Body - {"name":"Dylan Morrison","email":"dylan@email.com","password":"password123","role":"admin"}[39m
[35m[39m
2022-09-14 09:36:30:3630 [35mhttp[39m: [35mPOST /api/users 404 149 - 3.151 ms Body - {"name":"Dylan Morrison","email":"dylan@email.com","password":"password123","role":"admin"}[39m
[35m[39m
2022-09-14 09:36:49:3649 [32minfo[39m: [32mThis is a winston log message[39m
2022-09-14 09:36:54:3654 [35mhttp[39m: [35mPOST /api/users/register 200 199 - 273.925 ms Body - {"name":"Dylan Morrison","email":"dylan@email.com2","password":"password123","role":"admin"}[39m
[35m[39m
2022-09-14 09:37:04:374 [35mhttp[39m: [35mPOST /api/users/approve/632192a5adbd365dd4b4ef01 200 2 - 109.794 ms Body - {"name":"Dylan Morrison","email":"dylan@email.com2","password":"password123","role":"admin"}[39m
[35m[39m
2022-09-14 09:37:10:3710 [35mhttp[39m: [35mPOST /api/users/632192a5adbd365dd4b4ef01 404 174 - 2.942 ms Body - {"name":"Dylan Morrison","email":"dylan@email.com2","password":"password123","role":"admin"}[39m
[35m[39m
2022-09-14 09:37:13:3713 [35mhttp[39m: [35mGET /api/users/632192a5adbd365dd4b4ef01 200 198 - 38.240 ms Body - {"name":"Dylan Morrison","email":"dylan@email.com2","password":"password123","role":"admin"}[39m
[35m[39m
2022-09-15 09:40:52:4052 [32minfo[39m: [32mThis is a winston log message[39m
2022-09-15 09:41:12:4112 [35mhttp[39m: [35mPOST /api/users/login 200 95 - 148.049 ms Body - {"email":"dylan@email.com","password":"password123"}[39m
[35m[39m
2022-09-15 09:41:43:4143 [35mhttp[39m: [35mGET /api/users 200 398 - 43.807 ms Body - {}[39m
[35m[39m
2022-09-15 09:42:52:4252 [32minfo[39m: [32mThis is a winston log message[39m
2022-09-15 09:42:56:4256 [35mhttp[39m: [35mPOST /api/users/login 200 95 - 161.513 ms Body - {"email":"dylan@email.com","password":"password123"}[39m
[35m[39m
2022-09-15 09:43:00:430 [35mhttp[39m: [35mGET /api/users 200 398 - 34.642 ms Body - {}[39m
[35m[39m
2022-09-15 09:43:29:4329 [32minfo[39m: [32mThis is a winston log message[39m
2022-09-15 09:43:31:4331 [35mhttp[39m: [35mGET /api/users 200 398 - 53.187 ms Body - {}[39m
[35m[39m
2022-09-15 09:44:36:4436 [32minfo[39m: [32mThis is a winston log message[39m
2022-09-15 09:44:42:4442 [32minfo[39m: [32mThis is a winston log message[39m
2022-09-15 09:44:58:4458 [32minfo[39m: [32mThis is a winston log message[39m
2022-09-15 09:45:24:4524 [32minfo[39m: [32mThis is a winston log message[39m
2022-09-15 09:46:03:463 [32minfo[39m: [32mThis is a winston log message[39m
2022-09-15 09:46:32:4632 [32minfo[39m: [32mThis is a winston log message[39m
2022-09-15 09:46:37:4637 [32minfo[39m: [32mThis is a winston log message[39m
2022-09-15 09:46:44:4644 [32minfo[39m: [32mThis is a winston log message[39m
2022-09-15 09:46:46:4646 [32minfo[39m: [32mThis is a winston log message[39m
2022-09-15 09:48:16:4816 [32minfo[39m: [32mThis is a winston log message[39m
2022-09-15 09:49:10:4910 [32minfo[39m: [32mThis is a winston log message[39m
2022-09-15 09:49:20:4920 [32minfo[39m: [32mThis is a winston log message[39m
2022-09-15 09:49:46:4946 [32minfo[39m: [32mThis is a winston log message[39m
2022-09-15 09:50:06:506 [32minfo[39m: [32mThis is a winston log message[39m
2022-09-15 09:50:07:507 [32minfo[39m: [32mThis is a winston log message[39m
2022-09-15 09:50:57:5057 [32minfo[39m: [32mThis is a winston log message[39m
2022-09-15 09:51:00:510 [32minfo[39m: [32mThis is a winston log message[39m
2022-09-15 09:51:09:519 [32minfo[39m: [32mThis is a winston log message[39m
