2022-09-20 14:47:43:4743 [31merror[39m: [31mMongooseError: Operation `stats.findOne()` buffering timed out after 10000ms[39m
2022-09-20 14:48:08:488 [31merror[39m: [31mMongooseError: Operation `stats.findOne()` buffering timed out after 10000ms[39m
2022-09-21 10:20:09:209 [31merror[39m: [31mMongooseError: Operation `users.findOne()` buffering timed out after 10000ms[39m
2022-09-21 10:56:17:5617 [31merror[39m: [31mTypeError: password.length.trim is not a function[39m
2022-09-21 11:13:08:138 [31merror[39m: [31mError: Error [ERR_HTTP_HEADERS_SENT]: Cannot set headers after they are sent to the client[39m
2022-09-21 11:13:08:138 [31merror[39m: [31mError: Cannot set headers after they are sent to the client[39m
2022-09-21 11:13:19:1319 [31merror[39m: [31mError: Error [ERR_HTTP_HEADERS_SENT]: Cannot set headers after they are sent to the client[39m
2022-09-21 11:13:19:1319 [31merror[39m: [31mError: Cannot set headers after they are sent to the client[39m
2022-09-21 11:15:55:1555 [31merror[39m: [31mError: Error [ERR_HTTP_HEADERS_SENT]: Cannot set headers after they are sent to the client[39m
2022-09-21 11:15:55:1555 [31merror[39m: [31mError: Cannot set headers after they are sent to the client[39m
2022-09-21 11:16:58:1658 [31merror[39m: [31mError: Error [ERR_HTTP_HEADERS_SENT]: Cannot set headers after they are sent to the client[39m
2022-09-21 11:16:58:1658 [31merror[39m: [31mError: Cannot set headers after they are sent to the client[39m
2022-09-21 11:17:10:1710 [31merror[39m: [31mError: Error [ERR_HTTP_HEADERS_SENT]: Cannot set headers after they are sent to the client[39m
2022-09-21 11:17:10:1710 [31merror[39m: [31mError: Cannot set headers after they are sent to the client[39m
2022-09-21 11:18:45:1845 [31merror[39m: [31mError: Error [ERR_HTTP_HEADERS_SENT]: Cannot set headers after they are sent to the client[39m
2022-09-21 11:18:45:1845 [31merror[39m: [31mError: Cannot set headers after they are sent to the client[39m
2022-09-21 11:26:34:2634 [31merror[39m: [31mError: Error [ERR_HTTP_HEADERS_SENT]: Cannot set headers after they are sent to the client[39m
2022-09-21 11:26:34:2634 [31merror[39m: [31mError: Cannot set headers after they are sent to the client[39m
2022-09-21 11:27:23:2723 [31merror[39m: [31mError: Error [ERR_HTTP_HEADERS_SENT]: Cannot set headers after they are sent to the client[39m
2022-09-21 11:27:23:2723 [31merror[39m: [31mError: Cannot set headers after they are sent to the client[39m
2022-09-23 08:55:05:555 [31merror[39m: [31mTypeError: Cannot read properties of undefined (reading 'trim')[39m
2022-09-23 08:55:28:5528 [31merror[39m: [31mTypeError: Cannot read properties of undefined (reading 'trim')[39m
2022-09-23 08:58:10:5810 [31merror[39m: [31mTypeError: Cannot read properties of undefined (reading 'trim')[39m
2022-09-23 13:35:41:3541 [31merror[39m: [31mTypeError: Assignment to constant variable.[39m
2022-09-23 13:53:51:5351 [31merror[39m: [31mError: TypeError: unlink is not a function[39m
2022-09-23 13:55:09:559 [31merror[39m: [31mError: TypeError [ERR_INVALID_ARG_TYPE]: The "cb" argument must be of type function. Received undefined[39m
2022-09-23 13:56:08:568 [31merror[39m: [31mError: TypeError [ERR_INVALID_ARG_TYPE]: The "cb" argument must be of type function. Received undefined[39m
2022-09-23 13:59:10:5910 [31merror[39m: [31mError: TypeError [ERR_INVALID_ARG_TYPE]: The "cb" argument must be of type function. Received undefined[39m
2022-09-23 14:01:05:15 [31merror[39m: [31mError: TypeError [ERR_INVALID_ARG_TYPE]: The "cb" argument must be of type function. Received undefined[39m
2022-09-23 14:01:26:126 [31merror[39m: [31mError: TypeError [ERR_INVALID_ARG_TYPE]: The "cb" argument must be of type function. Received undefined[39m
